{"contracts\\Attacker.sol":{"l":{"16":0,"17":0,"18":0,"22":0,"26":0,"27":0,"31":0,"32":0,"36":0,"37":0,"43":0,"44":0,"45":0,"46":0},"path":"D:\\Documentos\\Reentrancy\\contracts\\Attacker.sol","s":{"1":0,"2":0,"3":0,"4":0,"5":0,"6":0,"7":0,"8":0,"9":0},"b":{"1":[0,0],"2":[0,0],"3":[0,0],"4":[0,0]},"f":{"1":0,"2":0,"3":0,"4":0,"5":0,"6":0},"fnMap":{"1":{"name":"constructor","line":15,"loc":{"start":{"line":15,"column":4},"end":{"line":19,"column":4}}},"2":{"name":"setMax","line":21,"loc":{"start":{"line":21,"column":4},"end":{"line":23,"column":4}}},"3":{"name":"Bid","line":25,"loc":{"start":{"line":25,"column":4},"end":{"line":28,"column":4}}},"4":{"name":"Withdraw","line":30,"loc":{"start":{"line":30,"column":4},"end":{"line":33,"column":4}}},"5":{"name":"sendme","line":35,"loc":{"start":{"line":35,"column":4},"end":{"line":38,"column":4}}},"6":{"name":"","line":42,"loc":{"start":{"line":42,"column":4},"end":{"line":48,"column":4}}}},"statementMap":{"1":{"start":{"line":26,"column":8},"end":{"line":26,"column":35}},"2":{"start":{"line":27,"column":8},"end":{"line":27,"column":35}},"3":{"start":{"line":31,"column":8},"end":{"line":31,"column":35}},"4":{"start":{"line":32,"column":8},"end":{"line":32,"column":25}},"5":{"start":{"line":36,"column":8},"end":{"line":36,"column":35}},"6":{"start":{"line":37,"column":8},"end":{"line":37,"column":46}},"7":{"start":{"line":43,"column":8},"end":{"line":43,"column":69}},"8":{"start":{"line":44,"column":8},"end":{"line":44,"column":1155}},"9":{"start":{"line":46,"column":12},"end":{"line":46,"column":29}}},"branchMap":{"1":{"line":26,"type":"if","locations":[{"start":{"line":26,"column":8},"end":{"line":26,"column":8}},{"start":{"line":26,"column":8},"end":{"line":26,"column":8}}]},"2":{"line":31,"type":"if","locations":[{"start":{"line":31,"column":8},"end":{"line":31,"column":8}},{"start":{"line":31,"column":8},"end":{"line":31,"column":8}}]},"3":{"line":36,"type":"if","locations":[{"start":{"line":36,"column":8},"end":{"line":36,"column":8}},{"start":{"line":36,"column":8},"end":{"line":36,"column":8}}]},"4":{"line":44,"type":"if","locations":[{"start":{"line":44,"column":8},"end":{"line":44,"column":8}},{"start":{"line":44,"column":8},"end":{"line":44,"column":8}}]}}},"contracts\\Auction.sol":{"l":{"16":0,"17":0,"18":0,"22":0,"26":0,"31":0,"32":0,"33":0,"36":0,"37":0,"40":0,"41":0,"42":0,"48":0,"49":0,"50":0,"51":0,"54":0,"59":0,"60":0,"61":0,"64":0,"65":0},"path":"D:\\Documentos\\Reentrancy\\contracts\\Auction.sol","s":{"1":0,"2":0,"3":0,"4":0,"5":0,"6":0,"7":0,"8":0,"9":0,"10":0,"11":0,"12":0,"13":0,"14":0,"15":0},"b":{"1":[0,0],"2":[0,0],"3":[0,0],"4":[0,0],"5":[0,0],"6":[0,0]},"f":{"1":0,"2":0,"3":0,"4":0,"5":0,"6":0},"fnMap":{"1":{"name":"constructor","line":15,"loc":{"start":{"line":15,"column":4},"end":{"line":19,"column":4}}},"2":{"name":"get_blocknumber","line":21,"loc":{"start":{"line":21,"column":4},"end":{"line":23,"column":4}}},"3":{"name":"get_bid_amount","line":25,"loc":{"start":{"line":25,"column":4},"end":{"line":27,"column":4}}},"4":{"name":"Bid","line":30,"loc":{"start":{"line":30,"column":4},"end":{"line":45,"column":4}}},"5":{"name":"Withdraw","line":47,"loc":{"start":{"line":47,"column":4},"end":{"line":56,"column":4}}},"6":{"name":"AuctionEnd","line":58,"loc":{"start":{"line":58,"column":4},"end":{"line":67,"column":4}}}},"statementMap":{"1":{"start":{"line":22,"column":8},"end":{"line":22,"column":27}},"2":{"start":{"line":26,"column":8},"end":{"line":26,"column":41}},"3":{"start":{"line":31,"column":8},"end":{"line":31,"column":45}},"4":{"start":{"line":32,"column":8},"end":{"line":32,"column":896}},"5":{"start":{"line":33,"column":12},"end":{"line":33,"column":19}},"6":{"start":{"line":36,"column":12},"end":{"line":36,"column":997}},"7":{"start":{"line":37,"column":16},"end":{"line":37,"column":23}},"8":{"start":{"line":48,"column":8},"end":{"line":48,"column":1312}},"9":{"start":{"line":49,"column":12},"end":{"line":49,"column":48}},"10":{"start":{"line":50,"column":12},"end":{"line":50,"column":36}},"11":{"start":{"line":54,"column":12},"end":{"line":54,"column":19}},"12":{"start":{"line":59,"column":8},"end":{"line":59,"column":45}},"13":{"start":{"line":60,"column":8},"end":{"line":60,"column":1649}},"14":{"start":{"line":61,"column":12},"end":{"line":61,"column":19}},"15":{"start":{"line":65,"column":12},"end":{"line":65,"column":43}}},"branchMap":{"1":{"line":32,"type":"if","locations":[{"start":{"line":32,"column":8},"end":{"line":32,"column":8}},{"start":{"line":32,"column":8},"end":{"line":32,"column":8}}]},"2":{"line":32,"type":"cond-expr","locations":[{"start":{"line":32,"column":11},"end":{"line":32,"column":28}},{"start":{"line":32,"column":33},"end":{"line":32,"column":37}}]},"3":{"line":36,"type":"if","locations":[{"start":{"line":36,"column":12},"end":{"line":36,"column":12}},{"start":{"line":36,"column":12},"end":{"line":36,"column":12}}]},"4":{"line":48,"type":"if","locations":[{"start":{"line":48,"column":8},"end":{"line":48,"column":8}},{"start":{"line":48,"column":8},"end":{"line":48,"column":8}}]},"5":{"line":60,"type":"if","locations":[{"start":{"line":60,"column":8},"end":{"line":60,"column":8}},{"start":{"line":60,"column":8},"end":{"line":60,"column":8}}]},"6":{"line":60,"type":"cond-expr","locations":[{"start":{"line":60,"column":11},"end":{"line":60,"column":29}},{"start":{"line":60,"column":34},"end":{"line":60,"column":38}}]}}}}